<?xml version="1.0" encoding="UTF-8"?>
<!-- Generated by org.testng.reporters.JUnitXMLReporter -->
<testsuite ignored="2" hostname="Zakirs-MacBook-Air.local" failures="0" tests="2" name="Default test" time="43.945" errors="0" timestamp="2022-04-17T18:23:05 IST">
  <testcase classname="tests.OpentodosTest" name="OpentodosTest_init" time="13.048"/>
  <testcase classname="tests.DeletetodosTest" name="DeletetodosTest_init" time="30.844"/>
  <testcase classname="tests.TestBase" name="@BeforeSuite initialize" time="0.0">
    <ignored/>
  </testcase> <!-- @BeforeSuite initialize -->
  <testcase classname="tests.TestBase" name="@AfterSuite TeardownTest" time="0.0">
    <ignored/>
  </testcase> <!-- @AfterSuite TeardownTest -->
</testsuite> <!-- Default test -->
