<?xml version="1.0" encoding="UTF-8"?>
<!-- Generated by org.testng.reporters.JUnitXMLReporter -->
<testsuite ignored="0" hostname="Zakirs-MacBook-Air.local" failures="0" tests="3" name="testngTest" time="32.905" errors="0" timestamp="2022-04-16T20:05:31 IST">
  <testcase classname="rumeltech_todolist.TodoList" name="openTodoListUrl" time="5.513"/>
  <testcase classname="rumeltech_todolist.TodoList" name="createtodoList" time="2.334"/>
  <testcase classname="rumeltech_todolist.TodoList" name="deletetodoslist" time="15.455"/>
</testsuite> <!-- testngTest -->
