<?xml version="1.0" encoding="UTF-8"?>
<!-- Generated by org.testng.reporters.JUnitXMLReporter -->
<testsuite ignored="6" hostname="Zakirs-MacBook-Air.local" failures="0" tests="3" name="Todos Page Operations" time="15.212" errors="0" timestamp="2022-04-17T12:01:52 IST">
  <testcase classname="tests.OpentodosTest" name="OpentodosTest_init" time="9.794"/>
  <testcase classname="tests.CompletetodosTest" name="CompletetodosTest_init" time="5.217"/>
  <testcase classname="tests.FilteringtodosTest" name="FilteringtodosTest_init" time="0.146"/>
  <testcase classname="tests.TestBase" name="@BeforeSuite initialize" time="0.0">
    <ignored/>
  </testcase> <!-- @BeforeSuite initialize -->
  <testcase classname="tests.TestBase" name="@BeforeSuite initialize" time="0.0">
    <ignored/>
  </testcase> <!-- @BeforeSuite initialize -->
  <testcase classname="tests.TestBase" name="@BeforeSuite initialize" time="0.0">
    <ignored/>
  </testcase> <!-- @BeforeSuite initialize -->
  <testcase classname="tests.TestBase" name="@AfterSuite TeardownTest" time="0.0">
    <ignored/>
  </testcase> <!-- @AfterSuite TeardownTest -->
  <testcase classname="tests.TestBase" name="@AfterSuite TeardownTest" time="0.0">
    <ignored/>
  </testcase> <!-- @AfterSuite TeardownTest -->
  <testcase classname="tests.TestBase" name="@AfterSuite TeardownTest" time="0.0">
    <ignored/>
  </testcase> <!-- @AfterSuite TeardownTest -->
</testsuite> <!-- Todos Page Operations -->
